w - Initializing abstract entity class.
w - Initializing base entity class.
w - Initializing abstract entity class.
w - Initializing base entity class.
w - Initializing abstract entity class.
w - Initializing base entity class.
w - Initializing entity class.
w - Initializing logical entity class.
w - Initializing visual entity class.
w - Initializing abstract entity class.
w - Initializing base entity class.
w - Initializing entity class.
w - Initializing logical entity class.
w - Initializing visual entity class.
w - Initializing abstract grid entity class.
w - Initializing abstract entity class.
w - Initializing base entity class.
w - Initializing entity class.
w - Initializing logical entity class.
w - Initializing visual entity class.
w - Initializing abstract grid entity class.
w - Initializing abstract entity class.
w - Initializing base entity class.
w - Initializing entity class.
w - Initializing logical entity class.
w - Initializing visual entity class.
w - Initializing abstract grid entity class.
w - Initializing grid entity [None].
w - Instantiating logical entity None.
w - [None] Finding initial cell.
